[debug] [2024-10-05T13:58:30.125Z] ----------------------------------------------------------------------
[debug] [2024-10-05T13:58:30.129Z] Command:       C:\Program Files\nodejs\node.exe C:\Users\anees\AppData\Roaming\npm\node_modules\firebase-tools\lib\bin\firebase.js init
[debug] [2024-10-05T13:58:30.130Z] CLI Version:   13.20.2
[debug] [2024-10-05T13:58:30.130Z] Platform:      win32
[debug] [2024-10-05T13:58:30.130Z] Node Version:  v20.15.1
[debug] [2024-10-05T13:58:30.130Z] Time:          Sat Oct 05 2024 19:28:30 GMT+0530 (India Standard Time)
[debug] [2024-10-05T13:58:30.131Z] ----------------------------------------------------------------------
[debug] 
[debug] [2024-10-05T13:58:30.141Z] > command requires scopes: ["email","openid","https://www.googleapis.com/auth/cloudplatformprojects.readonly","https://www.googleapis.com/auth/firebase","https://www.googleapis.com/auth/cloud-platform"]
[debug] [2024-10-05T13:58:30.142Z] > authorizing via signed-in user (aneeshsingh414@gmail.com)
[info] 
     ######## #### ########  ######## ########     ###     ######  ########
     ##        ##  ##     ## ##       ##     ##  ##   ##  ##       ##
     ######    ##  ########  ######   ########  #########  ######  ######
     ##        ##  ##    ##  ##       ##     ## ##     ##       ## ##
     ##       #### ##     ## ######## ########  ##     ##  ######  ########

You're about to initialize a Firebase project in this directory:

  C:\Users\anees\OneDrive - iitkgp.ac.in\Desktop\psycho-project

[info] 
=== Project Setup
[info] 
[info] First, let's associate this project directory with a Firebase project.
[info] You can create multiple project aliases by running firebase use --add, 
[info] but for now we'll just set up a default project.
[info] 
[info] i  If you want to create a project in a Google Cloud organization or folder, please use "firebase projects:create" instead, and return to this command when you've created the project. 
[debug] [2024-10-05T13:59:05.586Z] Checked if tokens are valid: true, expires at: 1728139971620
[debug] [2024-10-05T13:59:05.587Z] Checked if tokens are valid: true, expires at: 1728139971620
[debug] [2024-10-05T13:59:05.587Z] >>> [apiv2][query] POST https://cloudresourcemanager.googleapis.com/v1/projects [none]
[debug] [2024-10-05T13:59:05.587Z] >>> [apiv2][body] POST https://cloudresourcemanager.googleapis.com/v1/projects {"projectId":"rudradungeon","name":"rudradungeon"}
[debug] [2024-10-05T13:59:07.456Z] <<< [apiv2][status] POST https://cloudresourcemanager.googleapis.com/v1/projects 200
[debug] [2024-10-05T13:59:07.456Z] <<< [apiv2][body] POST https://cloudresourcemanager.googleapis.com/v1/projects {"name":"operations/cp.6440434301295248076"}
[debug] [2024-10-05T13:59:07.457Z] Checked if tokens are valid: true, expires at: 1728139971620
[debug] [2024-10-05T13:59:07.458Z] Checked if tokens are valid: true, expires at: 1728139971620
[debug] [2024-10-05T13:59:07.458Z] >>> [apiv2][query] GET https://cloudresourcemanager.googleapis.com/v1/operations/cp.6440434301295248076 [none]
[debug] [2024-10-05T13:59:09.147Z] <<< [apiv2][status] GET https://cloudresourcemanager.googleapis.com/v1/operations/cp.6440434301295248076 200
[debug] [2024-10-05T13:59:09.147Z] <<< [apiv2][body] GET https://cloudresourcemanager.googleapis.com/v1/operations/cp.6440434301295248076 {"name":"operations/cp.6440434301295248076","metadata":{"@type":"type.googleapis.com/google.cloudresourcemanager.v1.ProjectCreationStatus","ready":true},"done":true,"error":{"code":9,"message":"Callers must accept Terms of Service","details":[{"@type":"type.googleapis.com/google.rpc.PreconditionFailure","violations":[{"type":"TOS","subject":"cloud","description":"Callers must accept Terms of Service"}]}]}}
[debug] [2024-10-05T13:59:09.523Z] FirebaseError: Callers must accept Terms of Service
    at OperationPoller.poll (C:\Users\anees\AppData\Roaming\npm\node_modules\firebase-tools\lib\operation-poller.js:24:19)
    at process.processTicksAndRejections (node:internal/process/task_queues:95:5)
    at async createCloudProject (C:\Users\anees\AppData\Roaming\npm\node_modules\firebase-tools\lib\management\projects.js:186:29)
    at async createFirebaseProjectAndLog (C:\Users\anees\AppData\Roaming\npm\node_modules\firebase-tools\lib\management\projects.js:45:9)
    at async promptAndCreateNewProject (C:\Users\anees\AppData\Roaming\npm\node_modules\firebase-tools\lib\init\features\project.js:32:12)
    at async doSetup (C:\Users\anees\AppData\Roaming\npm\node_modules\firebase-tools\lib\init\features\project.js:88:27)
    at async init (C:\Users\anees\AppData\Roaming\npm\node_modules\firebase-tools\lib\init\index.js:40:9)
[error] 
[error] Error: Failed to create project. See firebase-debug.log for more info.
